#! /usr/bin/vvp
:ivl_version "10.3 (stable)";
:ivl_delay_selection "TYPICAL";
:vpi_time_precision + 0;
:vpi_module "system";
:vpi_module "vhdl_sys";
:vpi_module "v2005_math";
:vpi_module "va_math";
S_0x55860af77680 .scope module, "test_bench" "test_bench" 2 3;
 .timescale 0 0;
v0x55860af8c020_0 .var "A", 7 0;
v0x55860af8c0e0_0 .net "S", 2 0, v0x55860af8bee0_0;  1 drivers
S_0x55860af77800 .scope module, "ee1" "eight_three_priority_encoder" 2 7, 3 1 0, S_0x55860af77680;
 .timescale 0 0;
    .port_info 0 /INPUT 8 "A"
    .port_info 1 /OUTPUT 3 "S"
v0x55860af400a0_0 .net "A", 7 0, v0x55860af8c020_0;  1 drivers
v0x55860af8bee0_0 .var "S", 2 0;
E_0x55860af409b0 .event edge, v0x55860af400a0_0;
    .scope S_0x55860af77800;
T_0 ;
    %wait E_0x55860af409b0;
    %load/vec4 v0x55860af400a0_0;
    %parti/s 1, 0, 2;
    %flag_set/vec4 8;
    %jmp/0xz  T_0.0, 8;
    %pushi/vec4 0, 0, 3;
    %store/vec4 v0x55860af8bee0_0, 0, 3;
    %jmp T_0.1;
T_0.0 ;
    %load/vec4 v0x55860af400a0_0;
    %parti/s 1, 1, 2;
    %flag_set/vec4 8;
    %jmp/0xz  T_0.2, 8;
    %pushi/vec4 1, 0, 3;
    %store/vec4 v0x55860af8bee0_0, 0, 3;
    %jmp T_0.3;
T_0.2 ;
    %load/vec4 v0x55860af400a0_0;
    %parti/s 1, 2, 3;
    %flag_set/vec4 8;
    %jmp/0xz  T_0.4, 8;
    %pushi/vec4 2, 0, 3;
    %store/vec4 v0x55860af8bee0_0, 0, 3;
    %jmp T_0.5;
T_0.4 ;
    %load/vec4 v0x55860af400a0_0;
    %parti/s 1, 3, 3;
    %flag_set/vec4 8;
    %jmp/0xz  T_0.6, 8;
    %pushi/vec4 3, 0, 3;
    %store/vec4 v0x55860af8bee0_0, 0, 3;
    %jmp T_0.7;
T_0.6 ;
    %load/vec4 v0x55860af400a0_0;
    %parti/s 1, 4, 4;
    %flag_set/vec4 8;
    %jmp/0xz  T_0.8, 8;
    %pushi/vec4 4, 0, 3;
    %store/vec4 v0x55860af8bee0_0, 0, 3;
    %jmp T_0.9;
T_0.8 ;
    %load/vec4 v0x55860af400a0_0;
    %parti/s 1, 5, 4;
    %flag_set/vec4 8;
    %jmp/0xz  T_0.10, 8;
    %pushi/vec4 5, 0, 3;
    %store/vec4 v0x55860af8bee0_0, 0, 3;
    %jmp T_0.11;
T_0.10 ;
    %load/vec4 v0x55860af400a0_0;
    %parti/s 1, 6, 4;
    %flag_set/vec4 8;
    %jmp/0xz  T_0.12, 8;
    %pushi/vec4 6, 0, 3;
    %store/vec4 v0x55860af8bee0_0, 0, 3;
    %jmp T_0.13;
T_0.12 ;
    %load/vec4 v0x55860af400a0_0;
    %parti/s 1, 7, 4;
    %flag_set/vec4 8;
    %jmp/0xz  T_0.14, 8;
    %pushi/vec4 7, 0, 3;
    %store/vec4 v0x55860af8bee0_0, 0, 3;
T_0.14 ;
T_0.13 ;
T_0.11 ;
T_0.9 ;
T_0.7 ;
T_0.5 ;
T_0.3 ;
T_0.1 ;
    %jmp T_0;
    .thread T_0, $push;
    .scope S_0x55860af77680;
T_1 ;
    %pushi/vec4 1, 0, 8;
    %store/vec4 v0x55860af8c020_0, 0, 8;
    %delay 2, 0;
    %pushi/vec4 2, 0, 8;
    %store/vec4 v0x55860af8c020_0, 0, 8;
    %delay 2, 0;
    %pushi/vec4 4, 0, 8;
    %store/vec4 v0x55860af8c020_0, 0, 8;
    %delay 2, 0;
    %pushi/vec4 8, 0, 8;
    %store/vec4 v0x55860af8c020_0, 0, 8;
    %delay 2, 0;
    %pushi/vec4 16, 0, 8;
    %store/vec4 v0x55860af8c020_0, 0, 8;
    %delay 2, 0;
    %pushi/vec4 32, 0, 8;
    %store/vec4 v0x55860af8c020_0, 0, 8;
    %delay 2, 0;
    %pushi/vec4 64, 0, 8;
    %store/vec4 v0x55860af8c020_0, 0, 8;
    %delay 2, 0;
    %pushi/vec4 128, 0, 8;
    %store/vec4 v0x55860af8c020_0, 0, 8;
    %delay 2, 0;
    %pushi/vec4 192, 0, 8;
    %store/vec4 v0x55860af8c020_0, 0, 8;
    %delay 2, 0;
    %pushi/vec4 224, 0, 8;
    %store/vec4 v0x55860af8c020_0, 0, 8;
    %delay 2, 0;
    %pushi/vec4 240, 0, 8;
    %store/vec4 v0x55860af8c020_0, 0, 8;
    %delay 2, 0;
    %pushi/vec4 248, 0, 8;
    %store/vec4 v0x55860af8c020_0, 0, 8;
    %delay 2, 0;
    %pushi/vec4 252, 0, 8;
    %store/vec4 v0x55860af8c020_0, 0, 8;
    %delay 2, 0;
    %pushi/vec4 254, 0, 8;
    %store/vec4 v0x55860af8c020_0, 0, 8;
    %delay 2, 0;
    %pushi/vec4 255, 0, 8;
    %store/vec4 v0x55860af8c020_0, 0, 8;
    %delay 4, 0;
    %vpi_call 2 25 "$finish" {0 0 0};
    %end;
    .thread T_1;
    .scope S_0x55860af77680;
T_2 ;
    %vpi_call 2 29 "$monitor", "Time = %d A = %b S = %b", $time, v0x55860af8c020_0, v0x55860af8c0e0_0 {0 0 0};
    %end;
    .thread T_2;
# The file index is used to find the file name in the following table.
:file_names 4;
    "N/A";
    "<interactive>";
    "A1Q4_test_bench.v";
    "./A1Q4_eight_three_priority_encoder.v";
