#! /usr/bin/vvp
:ivl_version "10.3 (stable)";
:ivl_delay_selection "TYPICAL";
:vpi_time_precision + 0;
:vpi_module "system";
:vpi_module "vhdl_sys";
:vpi_module "v2005_math";
:vpi_module "va_math";
S_0x55a4bcda9e80 .scope module, "test_bench" "test_bench" 2 3;
 .timescale 0 0;
v0x55a4bcde3780_0 .var "A", 7 0;
RS_0x7f5c57e16108 .resolv tri, L_0x55a4bcde3c10, L_0x55a4bcde41e0, L_0x55a4bcde46f0, L_0x55a4bcde4df0, L_0x55a4bcde5500, L_0x55a4bcde5a10, L_0x55a4bcde5f80, L_0x55a4bcde66a0;
v0x55a4bcde3860_0 .net8 "AeB", 0 0, RS_0x7f5c57e16108;  8 drivers
RS_0x7f5c57e16138 .resolv tri, L_0x55a4bcdbf7e0, L_0x55a4bcde4090, L_0x55a4bcde45c0, L_0x55a4bcde4ae0, L_0x55a4bcde53b0, L_0x55a4bcde5910, L_0x55a4bcde5e30, L_0x55a4bcde5dc0;
v0x55a4bcde3900_0 .net8 "AgB", 0 0, RS_0x7f5c57e16138;  8 drivers
v0x55a4bcde39d0_0 .var "B", 7 0;
RS_0x7f5c57e160d8 .resolv tri, L_0x55a4bcde3e40, L_0x55a4bcde43e0, L_0x55a4bcde48f0, L_0x55a4bcde51b0, L_0x55a4bcde5700, L_0x55a4bcde5c10, L_0x55a4bcde6180, L_0x55a4bcde68a0;
v0x55a4bcde3aa0_0 .net8 "BgA", 0 0, RS_0x7f5c57e160d8;  8 drivers
S_0x55a4bcda8fc0 .scope module, "eb1" "eight_bit_comparator" 2 8, 3 3 0, S_0x55a4bcda9e80;
 .timescale 0 0;
    .port_info 0 /INPUT 8 "A"
    .port_info 1 /INPUT 8 "B"
    .port_info 2 /OUTPUT 1 "lower"
    .port_info 3 /OUTPUT 1 "equal"
    .port_info 4 /OUTPUT 1 "greater"
v0x55a4bcde31e0_0 .net "A", 7 0, v0x55a4bcde3780_0;  1 drivers
v0x55a4bcde32e0_0 .net "B", 7 0, v0x55a4bcde39d0_0;  1 drivers
v0x55a4bcde33c0_0 .net8 "equal", 0 0, RS_0x7f5c57e160d8;  alias, 8 drivers
v0x55a4bcde3460_0 .net8 "greater", 0 0, RS_0x7f5c57e16108;  alias, 8 drivers
v0x55a4bcde3500_0 .net8 "lower", 0 0, RS_0x7f5c57e16138;  alias, 8 drivers
L_0x55a4bcde3eb0 .part v0x55a4bcde3780_0, 0, 1;
L_0x55a4bcde3fa0 .part v0x55a4bcde39d0_0, 0, 1;
L_0x55a4bcde4450 .part v0x55a4bcde3780_0, 1, 1;
L_0x55a4bcde44f0 .part v0x55a4bcde39d0_0, 1, 1;
L_0x55a4bcde4960 .part v0x55a4bcde3780_0, 2, 1;
L_0x55a4bcde4a00 .part v0x55a4bcde39d0_0, 2, 1;
L_0x55a4bcde5220 .part v0x55a4bcde3780_0, 3, 1;
L_0x55a4bcde52c0 .part v0x55a4bcde39d0_0, 3, 1;
L_0x55a4bcde5770 .part v0x55a4bcde3780_0, 4, 1;
L_0x55a4bcde5810 .part v0x55a4bcde39d0_0, 4, 1;
L_0x55a4bcde5c80 .part v0x55a4bcde3780_0, 5, 1;
L_0x55a4bcde5d20 .part v0x55a4bcde39d0_0, 5, 1;
L_0x55a4bcde6400 .part v0x55a4bcde3780_0, 6, 1;
L_0x55a4bcde64a0 .part v0x55a4bcde39d0_0, 6, 1;
L_0x55a4bcde6910 .part v0x55a4bcde3780_0, 7, 1;
L_0x55a4bcde69b0 .part v0x55a4bcde39d0_0, 7, 1;
S_0x55a4bcda8be0 .scope module, "ob0" "one_bit_comparator" 3 10, 4 1 0, S_0x55a4bcda8fc0;
 .timescale 0 0;
    .port_info 0 /INPUT 1 "A"
    .port_info 1 /INPUT 1 "B"
    .port_info 2 /OUTPUT 1 "lower"
    .port_info 3 /OUTPUT 1 "equal"
    .port_info 4 /OUTPUT 1 "greater"
L_0x55a4bcdbf7e0 .functor AND 1, L_0x55a4bcdbf770, L_0x55a4bcde3fa0, C4<1>, C4<1>;
L_0x55a4bcdbf770 .functor NOT 1, L_0x55a4bcde3eb0, C4<0>, C4<0>, C4<0>;
L_0x55a4bcde3c10 .functor AND 1, L_0x55a4bcde3d00, L_0x55a4bcde3eb0, C4<1>, C4<1>;
L_0x55a4bcde3d00 .functor NOT 1, L_0x55a4bcde3fa0, C4<0>, C4<0>, C4<0>;
L_0x55a4bcde3e40 .functor NOR 1, RS_0x7f5c57e16138, RS_0x7f5c57e16108, C4<0>, C4<0>;
v0x55a4bcd91bc0_0 .net "A", 0 0, L_0x55a4bcde3eb0;  1 drivers
v0x55a4bcddf260_0 .net "B", 0 0, L_0x55a4bcde3fa0;  1 drivers
v0x55a4bcddf320_0 .net *"_s1", 0 0, L_0x55a4bcdbf770;  1 drivers
v0x55a4bcddf3e0_0 .net *"_s4", 0 0, L_0x55a4bcde3d00;  1 drivers
v0x55a4bcddf4c0_0 .net8 "equal", 0 0, RS_0x7f5c57e160d8;  alias, 8 drivers
v0x55a4bcddf5d0_0 .net8 "greater", 0 0, RS_0x7f5c57e16108;  alias, 8 drivers
v0x55a4bcddf690_0 .net8 "lower", 0 0, RS_0x7f5c57e16138;  alias, 8 drivers
S_0x55a4bcddf7f0 .scope module, "ob1" "one_bit_comparator" 3 11, 4 1 0, S_0x55a4bcda8fc0;
 .timescale 0 0;
    .port_info 0 /INPUT 1 "A"
    .port_info 1 /INPUT 1 "B"
    .port_info 2 /OUTPUT 1 "lower"
    .port_info 3 /OUTPUT 1 "equal"
    .port_info 4 /OUTPUT 1 "greater"
L_0x55a4bcde4090 .functor AND 1, L_0x55a4bcde4120, L_0x55a4bcde44f0, C4<1>, C4<1>;
L_0x55a4bcde4120 .functor NOT 1, L_0x55a4bcde4450, C4<0>, C4<0>, C4<0>;
L_0x55a4bcde41e0 .functor AND 1, L_0x55a4bcde42a0, L_0x55a4bcde4450, C4<1>, C4<1>;
L_0x55a4bcde42a0 .functor NOT 1, L_0x55a4bcde44f0, C4<0>, C4<0>, C4<0>;
L_0x55a4bcde43e0 .functor NOR 1, RS_0x7f5c57e16138, RS_0x7f5c57e16108, C4<0>, C4<0>;
v0x55a4bcddf9e0_0 .net "A", 0 0, L_0x55a4bcde4450;  1 drivers
v0x55a4bcddfaa0_0 .net "B", 0 0, L_0x55a4bcde44f0;  1 drivers
v0x55a4bcddfb60_0 .net *"_s1", 0 0, L_0x55a4bcde4120;  1 drivers
v0x55a4bcddfc20_0 .net *"_s4", 0 0, L_0x55a4bcde42a0;  1 drivers
v0x55a4bcddfd00_0 .net8 "equal", 0 0, RS_0x7f5c57e160d8;  alias, 8 drivers
v0x55a4bcddfdf0_0 .net8 "greater", 0 0, RS_0x7f5c57e16108;  alias, 8 drivers
v0x55a4bcddfe90_0 .net8 "lower", 0 0, RS_0x7f5c57e16138;  alias, 8 drivers
S_0x55a4bcddffd0 .scope module, "ob2" "one_bit_comparator" 3 12, 4 1 0, S_0x55a4bcda8fc0;
 .timescale 0 0;
    .port_info 0 /INPUT 1 "A"
    .port_info 1 /INPUT 1 "B"
    .port_info 2 /OUTPUT 1 "lower"
    .port_info 3 /OUTPUT 1 "equal"
    .port_info 4 /OUTPUT 1 "greater"
L_0x55a4bcde45c0 .functor AND 1, L_0x55a4bcde4630, L_0x55a4bcde4a00, C4<1>, C4<1>;
L_0x55a4bcde4630 .functor NOT 1, L_0x55a4bcde4960, C4<0>, C4<0>, C4<0>;
L_0x55a4bcde46f0 .functor AND 1, L_0x55a4bcde47b0, L_0x55a4bcde4960, C4<1>, C4<1>;
L_0x55a4bcde47b0 .functor NOT 1, L_0x55a4bcde4a00, C4<0>, C4<0>, C4<0>;
L_0x55a4bcde48f0 .functor NOR 1, RS_0x7f5c57e16138, RS_0x7f5c57e16108, C4<0>, C4<0>;
v0x55a4bcde01d0_0 .net "A", 0 0, L_0x55a4bcde4960;  1 drivers
v0x55a4bcde0290_0 .net "B", 0 0, L_0x55a4bcde4a00;  1 drivers
v0x55a4bcde0350_0 .net *"_s1", 0 0, L_0x55a4bcde4630;  1 drivers
v0x55a4bcde0440_0 .net *"_s4", 0 0, L_0x55a4bcde47b0;  1 drivers
v0x55a4bcde0520_0 .net8 "equal", 0 0, RS_0x7f5c57e160d8;  alias, 8 drivers
v0x55a4bcde0660_0 .net8 "greater", 0 0, RS_0x7f5c57e16108;  alias, 8 drivers
v0x55a4bcde0750_0 .net8 "lower", 0 0, RS_0x7f5c57e16138;  alias, 8 drivers
S_0x55a4bcde08e0 .scope module, "ob3" "one_bit_comparator" 3 13, 4 1 0, S_0x55a4bcda8fc0;
 .timescale 0 0;
    .port_info 0 /INPUT 1 "A"
    .port_info 1 /INPUT 1 "B"
    .port_info 2 /OUTPUT 1 "lower"
    .port_info 3 /OUTPUT 1 "equal"
    .port_info 4 /OUTPUT 1 "greater"
L_0x55a4bcde4ae0 .functor AND 1, L_0x55a4bcde4d80, L_0x55a4bcde52c0, C4<1>, C4<1>;
L_0x55a4bcde4d80 .functor NOT 1, L_0x55a4bcde5220, C4<0>, C4<0>, C4<0>;
L_0x55a4bcde4df0 .functor AND 1, L_0x55a4bcde5070, L_0x55a4bcde5220, C4<1>, C4<1>;
L_0x55a4bcde5070 .functor NOT 1, L_0x55a4bcde52c0, C4<0>, C4<0>, C4<0>;
L_0x55a4bcde51b0 .functor NOR 1, RS_0x7f5c57e16138, RS_0x7f5c57e16108, C4<0>, C4<0>;
v0x55a4bcde0ab0_0 .net "A", 0 0, L_0x55a4bcde5220;  1 drivers
v0x55a4bcde0b90_0 .net "B", 0 0, L_0x55a4bcde52c0;  1 drivers
v0x55a4bcde0c50_0 .net *"_s1", 0 0, L_0x55a4bcde4d80;  1 drivers
v0x55a4bcde0d10_0 .net *"_s4", 0 0, L_0x55a4bcde5070;  1 drivers
v0x55a4bcde0df0_0 .net8 "equal", 0 0, RS_0x7f5c57e160d8;  alias, 8 drivers
v0x55a4bcde0ee0_0 .net8 "greater", 0 0, RS_0x7f5c57e16108;  alias, 8 drivers
v0x55a4bcde0f80_0 .net8 "lower", 0 0, RS_0x7f5c57e16138;  alias, 8 drivers
S_0x55a4bcde10c0 .scope module, "ob4" "one_bit_comparator" 3 14, 4 1 0, S_0x55a4bcda8fc0;
 .timescale 0 0;
    .port_info 0 /INPUT 1 "A"
    .port_info 1 /INPUT 1 "B"
    .port_info 2 /OUTPUT 1 "lower"
    .port_info 3 /OUTPUT 1 "equal"
    .port_info 4 /OUTPUT 1 "greater"
L_0x55a4bcde53b0 .functor AND 1, L_0x55a4bcde5440, L_0x55a4bcde5810, C4<1>, C4<1>;
L_0x55a4bcde5440 .functor NOT 1, L_0x55a4bcde5770, C4<0>, C4<0>, C4<0>;
L_0x55a4bcde5500 .functor AND 1, L_0x55a4bcde55c0, L_0x55a4bcde5770, C4<1>, C4<1>;
L_0x55a4bcde55c0 .functor NOT 1, L_0x55a4bcde5810, C4<0>, C4<0>, C4<0>;
L_0x55a4bcde5700 .functor NOR 1, RS_0x7f5c57e16138, RS_0x7f5c57e16108, C4<0>, C4<0>;
v0x55a4bcde12e0_0 .net "A", 0 0, L_0x55a4bcde5770;  1 drivers
v0x55a4bcde13c0_0 .net "B", 0 0, L_0x55a4bcde5810;  1 drivers
v0x55a4bcde1480_0 .net *"_s1", 0 0, L_0x55a4bcde5440;  1 drivers
v0x55a4bcde1540_0 .net *"_s4", 0 0, L_0x55a4bcde55c0;  1 drivers
v0x55a4bcde1620_0 .net8 "equal", 0 0, RS_0x7f5c57e160d8;  alias, 8 drivers
v0x55a4bcde1710_0 .net8 "greater", 0 0, RS_0x7f5c57e16108;  alias, 8 drivers
v0x55a4bcde17b0_0 .net8 "lower", 0 0, RS_0x7f5c57e16138;  alias, 8 drivers
S_0x55a4bcde1980 .scope module, "ob5" "one_bit_comparator" 3 15, 4 1 0, S_0x55a4bcda8fc0;
 .timescale 0 0;
    .port_info 0 /INPUT 1 "A"
    .port_info 1 /INPUT 1 "B"
    .port_info 2 /OUTPUT 1 "lower"
    .port_info 3 /OUTPUT 1 "equal"
    .port_info 4 /OUTPUT 1 "greater"
L_0x55a4bcde5910 .functor AND 1, L_0x55a4bcde59a0, L_0x55a4bcde5d20, C4<1>, C4<1>;
L_0x55a4bcde59a0 .functor NOT 1, L_0x55a4bcde5c80, C4<0>, C4<0>, C4<0>;
L_0x55a4bcde5a10 .functor AND 1, L_0x55a4bcde5ad0, L_0x55a4bcde5c80, C4<1>, C4<1>;
L_0x55a4bcde5ad0 .functor NOT 1, L_0x55a4bcde5d20, C4<0>, C4<0>, C4<0>;
L_0x55a4bcde5c10 .functor NOR 1, RS_0x7f5c57e16138, RS_0x7f5c57e16108, C4<0>, C4<0>;
v0x55a4bcde1b80_0 .net "A", 0 0, L_0x55a4bcde5c80;  1 drivers
v0x55a4bcde1c60_0 .net "B", 0 0, L_0x55a4bcde5d20;  1 drivers
v0x55a4bcde1d20_0 .net *"_s1", 0 0, L_0x55a4bcde59a0;  1 drivers
v0x55a4bcde1de0_0 .net *"_s4", 0 0, L_0x55a4bcde5ad0;  1 drivers
v0x55a4bcde1ec0_0 .net8 "equal", 0 0, RS_0x7f5c57e160d8;  alias, 8 drivers
v0x55a4bcde1f60_0 .net8 "greater", 0 0, RS_0x7f5c57e16108;  alias, 8 drivers
v0x55a4bcde2000_0 .net8 "lower", 0 0, RS_0x7f5c57e16138;  alias, 8 drivers
S_0x55a4bcde2140 .scope module, "ob6" "one_bit_comparator" 3 16, 4 1 0, S_0x55a4bcda8fc0;
 .timescale 0 0;
    .port_info 0 /INPUT 1 "A"
    .port_info 1 /INPUT 1 "B"
    .port_info 2 /OUTPUT 1 "lower"
    .port_info 3 /OUTPUT 1 "equal"
    .port_info 4 /OUTPUT 1 "greater"
L_0x55a4bcde5e30 .functor AND 1, L_0x55a4bcde5ec0, L_0x55a4bcde64a0, C4<1>, C4<1>;
L_0x55a4bcde5ec0 .functor NOT 1, L_0x55a4bcde6400, C4<0>, C4<0>, C4<0>;
L_0x55a4bcde5f80 .functor AND 1, L_0x55a4bcde6040, L_0x55a4bcde6400, C4<1>, C4<1>;
L_0x55a4bcde6040 .functor NOT 1, L_0x55a4bcde64a0, C4<0>, C4<0>, C4<0>;
L_0x55a4bcde6180 .functor NOR 1, RS_0x7f5c57e16138, RS_0x7f5c57e16108, C4<0>, C4<0>;
v0x55a4bcde2340_0 .net "A", 0 0, L_0x55a4bcde6400;  1 drivers
v0x55a4bcde2420_0 .net "B", 0 0, L_0x55a4bcde64a0;  1 drivers
v0x55a4bcde24e0_0 .net *"_s1", 0 0, L_0x55a4bcde5ec0;  1 drivers
v0x55a4bcde25a0_0 .net *"_s4", 0 0, L_0x55a4bcde6040;  1 drivers
v0x55a4bcde2680_0 .net8 "equal", 0 0, RS_0x7f5c57e160d8;  alias, 8 drivers
v0x55a4bcde2770_0 .net8 "greater", 0 0, RS_0x7f5c57e16108;  alias, 8 drivers
v0x55a4bcde2810_0 .net8 "lower", 0 0, RS_0x7f5c57e16138;  alias, 8 drivers
S_0x55a4bcde2950 .scope module, "ob7" "one_bit_comparator" 3 17, 4 1 0, S_0x55a4bcda8fc0;
 .timescale 0 0;
    .port_info 0 /INPUT 1 "A"
    .port_info 1 /INPUT 1 "B"
    .port_info 2 /OUTPUT 1 "lower"
    .port_info 3 /OUTPUT 1 "equal"
    .port_info 4 /OUTPUT 1 "greater"
L_0x55a4bcde5dc0 .functor AND 1, L_0x55a4bcde65e0, L_0x55a4bcde69b0, C4<1>, C4<1>;
L_0x55a4bcde65e0 .functor NOT 1, L_0x55a4bcde6910, C4<0>, C4<0>, C4<0>;
L_0x55a4bcde66a0 .functor AND 1, L_0x55a4bcde6760, L_0x55a4bcde6910, C4<1>, C4<1>;
L_0x55a4bcde6760 .functor NOT 1, L_0x55a4bcde69b0, C4<0>, C4<0>, C4<0>;
L_0x55a4bcde68a0 .functor NOR 1, RS_0x7f5c57e16138, RS_0x7f5c57e16108, C4<0>, C4<0>;
v0x55a4bcde2ba0_0 .net "A", 0 0, L_0x55a4bcde6910;  1 drivers
v0x55a4bcde2c80_0 .net "B", 0 0, L_0x55a4bcde69b0;  1 drivers
v0x55a4bcde2d40_0 .net *"_s1", 0 0, L_0x55a4bcde65e0;  1 drivers
v0x55a4bcde2e30_0 .net *"_s4", 0 0, L_0x55a4bcde6760;  1 drivers
v0x55a4bcde2f10_0 .net8 "equal", 0 0, RS_0x7f5c57e160d8;  alias, 8 drivers
v0x55a4bcde3000_0 .net8 "greater", 0 0, RS_0x7f5c57e16108;  alias, 8 drivers
v0x55a4bcde30a0_0 .net8 "lower", 0 0, RS_0x7f5c57e16138;  alias, 8 drivers
    .scope S_0x55a4bcda9e80;
T_0 ;
    %pushi/vec4 1, 0, 8;
    %store/vec4 v0x55a4bcde3780_0, 0, 8;
    %delay 5, 0;
    %pushi/vec4 2, 0, 8;
    %store/vec4 v0x55a4bcde3780_0, 0, 8;
    %delay 5, 0;
    %pushi/vec4 4, 0, 8;
    %store/vec4 v0x55a4bcde3780_0, 0, 8;
    %delay 5, 0;
    %pushi/vec4 8, 0, 8;
    %store/vec4 v0x55a4bcde3780_0, 0, 8;
    %delay 5, 0;
    %pushi/vec4 16, 0, 8;
    %store/vec4 v0x55a4bcde3780_0, 0, 8;
    %delay 5, 0;
    %pushi/vec4 32, 0, 8;
    %store/vec4 v0x55a4bcde3780_0, 0, 8;
    %delay 5, 0;
    %pushi/vec4 64, 0, 8;
    %store/vec4 v0x55a4bcde3780_0, 0, 8;
    %delay 5, 0;
    %pushi/vec4 128, 0, 8;
    %store/vec4 v0x55a4bcde3780_0, 0, 8;
    %delay 5, 0;
    %pushi/vec4 192, 0, 8;
    %store/vec4 v0x55a4bcde3780_0, 0, 8;
    %delay 5, 0;
    %pushi/vec4 224, 0, 8;
    %store/vec4 v0x55a4bcde3780_0, 0, 8;
    %delay 5, 0;
    %pushi/vec4 240, 0, 8;
    %store/vec4 v0x55a4bcde3780_0, 0, 8;
    %delay 5, 0;
    %pushi/vec4 248, 0, 8;
    %store/vec4 v0x55a4bcde3780_0, 0, 8;
    %delay 5, 0;
    %pushi/vec4 252, 0, 8;
    %store/vec4 v0x55a4bcde3780_0, 0, 8;
    %delay 5, 0;
    %pushi/vec4 254, 0, 8;
    %store/vec4 v0x55a4bcde3780_0, 0, 8;
    %delay 5, 0;
    %pushi/vec4 255, 0, 8;
    %store/vec4 v0x55a4bcde3780_0, 0, 8;
    %delay 5, 0;
    %pushi/vec4 255, 0, 8;
    %store/vec4 v0x55a4bcde3780_0, 0, 8;
    %delay 10, 0;
    %vpi_call 2 27 "$finish" {0 0 0};
    %end;
    .thread T_0;
    .scope S_0x55a4bcda9e80;
T_1 ;
    %pushi/vec4 128, 0, 8;
    %store/vec4 v0x55a4bcde39d0_0, 0, 8;
    %delay 5, 0;
    %pushi/vec4 192, 0, 8;
    %store/vec4 v0x55a4bcde39d0_0, 0, 8;
    %delay 5, 0;
    %pushi/vec4 224, 0, 8;
    %store/vec4 v0x55a4bcde39d0_0, 0, 8;
    %delay 5, 0;
    %pushi/vec4 240, 0, 8;
    %store/vec4 v0x55a4bcde39d0_0, 0, 8;
    %delay 5, 0;
    %pushi/vec4 248, 0, 8;
    %store/vec4 v0x55a4bcde39d0_0, 0, 8;
    %delay 5, 0;
    %pushi/vec4 252, 0, 8;
    %store/vec4 v0x55a4bcde39d0_0, 0, 8;
    %delay 5, 0;
    %pushi/vec4 254, 0, 8;
    %store/vec4 v0x55a4bcde39d0_0, 0, 8;
    %delay 5, 0;
    %pushi/vec4 255, 0, 8;
    %store/vec4 v0x55a4bcde39d0_0, 0, 8;
    %delay 5, 0;
    %pushi/vec4 1, 0, 8;
    %store/vec4 v0x55a4bcde39d0_0, 0, 8;
    %delay 5, 0;
    %pushi/vec4 2, 0, 8;
    %store/vec4 v0x55a4bcde39d0_0, 0, 8;
    %delay 5, 0;
    %pushi/vec4 4, 0, 8;
    %store/vec4 v0x55a4bcde39d0_0, 0, 8;
    %delay 5, 0;
    %pushi/vec4 8, 0, 8;
    %store/vec4 v0x55a4bcde39d0_0, 0, 8;
    %delay 5, 0;
    %pushi/vec4 16, 0, 8;
    %store/vec4 v0x55a4bcde39d0_0, 0, 8;
    %delay 5, 0;
    %pushi/vec4 32, 0, 8;
    %store/vec4 v0x55a4bcde39d0_0, 0, 8;
    %delay 5, 0;
    %pushi/vec4 64, 0, 8;
    %store/vec4 v0x55a4bcde39d0_0, 0, 8;
    %delay 5, 0;
    %pushi/vec4 255, 0, 8;
    %store/vec4 v0x55a4bcde39d0_0, 0, 8;
    %delay 10, 0;
    %vpi_call 2 47 "$finish" {0 0 0};
    %end;
    .thread T_1;
    .scope S_0x55a4bcda9e80;
T_2 ;
    %vpi_call 2 51 "$monitor", "Time = %d A = %b B = %b AgB = %b BgA = %b AeB = %b", $time, v0x55a4bcde3780_0, v0x55a4bcde39d0_0, v0x55a4bcde3900_0, v0x55a4bcde3aa0_0, v0x55a4bcde3860_0 {0 0 0};
    %end;
    .thread T_2;
# The file index is used to find the file name in the following table.
:file_names 5;
    "N/A";
    "<interactive>";
    "A1Q2_test_bench.v";
    "./A1Q2_eight_bit_comparator.v";
    "./A1Q2_one_bit_comparator.v";
