#! /usr/bin/vvp
:ivl_version "10.3 (stable)";
:ivl_delay_selection "TYPICAL";
:vpi_time_precision + 0;
:vpi_module "system";
:vpi_module "vhdl_sys";
:vpi_module "v2005_math";
:vpi_module "va_math";
:vpi_module "v2009";
S_0x55954eca1790 .scope module, "test_bench" "test_bench" 2 3;
 .timescale 0 0;
v0x55954ecb4340_0 .var "clk", 0 0;
v0x55954ecb43e0_0 .net "out", 7 0, v0x55954ecb4140_0;  1 drivers
v0x55954ecb44b0_0 .var "rstn", 0 0;
S_0x55954eca1910 .scope module, "jc" "eight_bit_johnson_counter" 2 8, 3 1 0, S_0x55954eca1790;
 .timescale 0 0;
    .port_info 0 /INPUT 1 "clk"
    .port_info 1 /INPUT 1 "rstn"
    .port_info 2 /OUTPUT 8 "out"
v0x55954ec7dd20_0 .net "clk", 0 0, v0x55954ecb4340_0;  1 drivers
v0x55954ecb4140_0 .var "out", 7 0;
v0x55954ecb4220_0 .net "rstn", 0 0, v0x55954ecb44b0_0;  1 drivers
E_0x55954eca1db0 .event posedge, v0x55954ec7dd20_0;
S_0x55954ec6a300 .scope begin, "$ivl_for_loop0" "$ivl_for_loop0" 3 7, 3 7 0, S_0x55954eca1910;
 .timescale 0 0;
v0x55954ec7d930_0 .var/2s "i", 31 0;
    .scope S_0x55954eca1910;
T_0 ;
    %wait E_0x55954eca1db0;
    %load/vec4 v0x55954ecb4220_0;
    %nor/r;
    %flag_set/vec4 8;
    %jmp/0xz  T_0.0, 8;
    %pushi/vec4 1, 0, 8;
    %assign/vec4 v0x55954ecb4140_0, 0;
    %jmp T_0.1;
T_0.0 ;
    %load/vec4 v0x55954ecb4140_0;
    %parti/s 1, 0, 2;
    %inv;
    %ix/load 4, 7, 0;
    %ix/load 5, 0, 0;
    %flag_set/imm 4, 0;
    %assign/vec4/off/d v0x55954ecb4140_0, 4, 5;
    %fork t_1, S_0x55954ec6a300;
    %jmp t_0;
    .scope S_0x55954ec6a300;
t_1 ;
    %pushi/vec4 0, 0, 32;
    %store/vec4 v0x55954ec7d930_0, 0, 32;
T_0.2 ;
    %load/vec4 v0x55954ec7d930_0;
    %cmpi/s 7, 0, 32;
    %jmp/0xz T_0.3, 5;
    %load/vec4 v0x55954ecb4140_0;
    %load/vec4 v0x55954ec7d930_0;
    %addi 1, 0, 32;
    %part/s 1;
    %ix/load 5, 0, 0;
    %ix/getv/s 4, v0x55954ec7d930_0;
    %assign/vec4/off/d v0x55954ecb4140_0, 4, 5;
    %load/vec4 v0x55954ec7d930_0;
    %addi 1, 0, 32;
    %cast2;
    %store/vec4 v0x55954ec7d930_0, 0, 32;
    %jmp T_0.2;
T_0.3 ;
    %end;
    .scope S_0x55954eca1910;
t_0 %join;
T_0.1 ;
    %jmp T_0;
    .thread T_0;
    .scope S_0x55954eca1790;
T_1 ;
    %delay 5, 0;
    %load/vec4 v0x55954ecb4340_0;
    %inv;
    %store/vec4 v0x55954ecb4340_0, 0, 1;
    %jmp T_1;
    .thread T_1;
    .scope S_0x55954eca1790;
T_2 ;
    %pushi/vec4 0, 0, 2;
    %split/vec4 1;
    %assign/vec4 v0x55954ecb44b0_0, 0;
    %assign/vec4 v0x55954ecb4340_0, 0;
    %pushi/vec4 2, 0, 32;
T_2.0 %dup/vec4;
    %pushi/vec4 0, 0, 32;
    %cmp/s;
    %jmp/1xz T_2.1, 5;
    %jmp/1 T_2.1, 4;
    %pushi/vec4 1, 0, 32;
    %sub;
    %wait E_0x55954eca1db0;
    %jmp T_2.0;
T_2.1 ;
    %pop/vec4 1;
    %pushi/vec4 1, 0, 1;
    %assign/vec4 v0x55954ecb44b0_0, 0;
    %pushi/vec4 15, 0, 32;
T_2.2 %dup/vec4;
    %pushi/vec4 0, 0, 32;
    %cmp/s;
    %jmp/1xz T_2.3, 5;
    %jmp/1 T_2.3, 4;
    %pushi/vec4 1, 0, 32;
    %sub;
    %wait E_0x55954eca1db0;
    %jmp T_2.2;
T_2.3 ;
    %pop/vec4 1;
    %vpi_call/w 2 19 "$finish" {0 0 0};
    %end;
    .thread T_2;
    .scope S_0x55954eca1790;
T_3 ;
    %vpi_call/w 2 23 "$monitor", "Time = %d clk = %b rstn = %b out = %b", $time, v0x55954ecb4340_0, v0x55954ecb44b0_0, v0x55954ecb43e0_0 {0 0 0};
    %end;
    .thread T_3;
# The file index is used to find the file name in the following table.
:file_names 4;
    "N/A";
    "<interactive>";
    "A2Q2_test_bench.v";
    "./A2Q2_eight_bit_johnson_counter.v";
